# JRE version: Java(TM) SE Runtime Environment (11.0.4+10) (build 11.0.4+10-LTS)
# Java VM: Java HotSpot(TM) 64-Bit Server VM (11.0.4+10-LTS, mixed mode, tiered, compressed oops, g1 gc, linux-amd64)
Heap:
 garbage-first heap   total 630784K, used 83021K [0x00000000c0000000, 0x0000000100000000)
  region size 1024K, 2 young (2048K), 2 survivors (2048K)
 Metaspace       used 64358K, capacity 67267K, committed 67528K, reserved 1107968K
  class space    used 7329K, capacity 8409K, committed 8524K, reserved 1048576K
GC Heap History (10 events):
Event: 264,264 GC heap after
{Heap after GC invocations=47 (full 0):
 garbage-first heap   total 418816K, used 71040K [0x00000000c0000000, 0x0000000100000000)
  region size 1024K, 3 young (3072K), 3 survivors (3072K)
 Metaspace       used 64334K, capacity 67203K, committed 67528K, reserved 1107968K
  class space    used 7328K, capacity 8409K, committed 8524K, reserved 1048576K
}
Event: 267,153 GC heap before
{Heap before GC invocations=47 (full 0):
 garbage-first heap   total 418816K, used 98688K [0x00000000c0000000, 0x0000000100000000)
  region size 1024K, 30 young (30720K), 3 survivors (3072K)
 Metaspace       used 64346K, capacity 67203K, committed 67528K, reserved 1107968K
  class space    used 7328K, capacity 8409K, committed 8524K, reserved 1048576K
}
Event: 267,493 GC heap after
{Heap after GC invocations=48 (full 0):
 garbage-first heap   total 418816K, used 73666K [0x00000000c0000000, 0x0000000100000000)
  region size 1024K, 4 young (4096K), 4 survivors (4096K)
 Metaspace       used 64346K, capacity 67203K, committed 67528K, reserved 1107968K
  class space    used 7328K, capacity 8409K, committed 8524K, reserved 1048576K
}
Event: 272,506 GC heap before
{Heap before GC invocations=48 (full 0):
 garbage-first heap   total 418816K, used 91074K [0x00000000c0000000, 0x0000000100000000)
  region size 1024K, 20 young (20480K), 4 survivors (4096K)
 Metaspace       used 64350K, capacity 67203K, committed 67528K, reserved 1107968K
  class space    used 7328K, capacity 8409K, committed 8524K, reserved 1048576K
}
Event: 273,307 GC heap after
{Heap after GC invocations=49 (full 0):
 garbage-first heap   total 418816K, used 76902K [0x00000000c0000000, 0x0000000100000000)
  region size 1024K, 2 young (2048K), 2 survivors (2048K)
 Metaspace       used 64350K, capacity 67203K, committed 67528K, reserved 1107968K
  class space    used 7328K, capacity 8409K, committed 8524K, reserved 1048576K
}
Event: 280,266 GC heap before
{Heap before GC invocations=49 (full 0):
 garbage-first heap   total 418816K, used 95334K [0x00000000c0000000, 0x0000000100000000)
  region size 1024K, 20 young (20480K), 2 survivors (2048K)
 Metaspace       used 64358K, capacity 67267K, committed 67528K, reserved 1107968K
  class space    used 7329K, capacity 8409K, committed 8524K, reserved 1048576K
}
Event: 281,908 GC heap after
{Heap after GC invocations=50 (full 0):
 garbage-first heap   total 418816K, used 79180K [0x00000000c0000000, 0x0000000100000000)
  region size 1024K, 2 young (2048K), 2 survivors (2048K)
 Metaspace       used 64358K, capacity 67267K, committed 67528K, reserved 1107968K
  class space    used 7329K, capacity 8409K, committed 8524K, reserved 1048576K
}
Event: 287,248 GC heap before
{Heap before GC invocations=50 (full 0):
 garbage-first heap   total 418816K, used 97612K [0x00000000c0000000, 0x0000000100000000)
  region size 1024K, 20 young (20480K), 2 survivors (2048K)
 Metaspace       used 64358K, capacity 67267K, committed 67528K, reserved 1107968K
  class space    used 7329K, capacity 8409K, committed 8524K, reserved 1048576K
}
Event: 288,103 GC heap after
{Heap after GC invocations=51 (full 0):
 garbage-first heap   total 418816K, used 81108K [0x00000000c0000000, 0x0000000100000000)
  region size 1024K, 2 young (2048K), 2 survivors (2048K)
 Metaspace       used 64358K, capacity 67267K, committed 67528K, reserved 1107968K
  class space    used 7329K, capacity 8409K, committed 8524K, reserved 1048576K
}
Event: 292,009 GC heap before
{Heap before GC invocations=51 (full 0):
 garbage-first heap   total 418816K, used 99540K [0x00000000c0000000, 0x0000000100000000)
  region size 1024K, 20 young (20480K), 2 survivors (2048K)
 Metaspace       used 64358K, capacity 67267K, committed 67528K, reserved 1107968K
  class space    used 7329K, capacity 8409K, committed 8524K, reserved 1048576K
}

